
             WebGrab+Plus/w MDB & REX Postprocess -- version  V2.1              

                                Jan van Straaten                                
                             Francis De Paemeleere                              

            thanks to Paul Weterings and all the contributing users             
--------------------------------------------------------------------------------

Job started at 13/04/2018 03:00:09
found: /data/epg/.wg++/siteini.pack/Malta/melita.com.ini -- Revision 00
found: /data/epg/.wg++/siteini.pack/Russia/tviz.tv.ini -- Revision 02
timezone=UTC+03:00 mapped with timezone_id "Europe/Moscow"
found: /data/epg/.wg++/siteini.pack/International/bein.net.ini -- Revision 13
processing /data/legalfreeiptv/guide.xml ...
Found existing channel (xmltv_id=TVM) in the config file
Found existing channel (xmltv_id=TVM2) in the config file
Found existing channel (xmltv_id=NET TV) in the config file
Found existing channel (xmltv_id=Первый) in the config file
Found existing channel (xmltv_id=Россия 1) in the config file
Found existing channel (xmltv_id=Россия 24) in the config file
Found existing channel (xmltv_id=НТВ) in the config file
Found existing channel (xmltv_id=ТНТ) in the config file
Found existing channel (xmltv_id=СТС) in the config file
Found existing channel (xmltv_id=РЕН ТВ) in the config file
Found existing channel (xmltv_id=ТНТ4) in the config file
Found existing channel (xmltv_id=Че) in the config file
Found existing channel (xmltv_id=ТВ-3) in the config file
Found existing channel (xmltv_id=ТВ Центр) in the config file
Found existing channel (xmltv_id=Домашний) in the config file
Found existing channel (xmltv_id=Пятница) in the config file
Found existing channel (xmltv_id=Ю) in the config file
Found existing channel (xmltv_id=Звезда) in the config file
Found existing channel (xmltv_id=EuroNews) in the config file
Found existing channel (xmltv_id=МИР) in the config file
Found existing channel (xmltv_id=РБК) in the config file
Found existing channel (xmltv_id=Fashion TV) in the config file
Found existing channel (xmltv_id=Ru.TV) in the config file
Found existing channel (xmltv_id=1HD) in the config file
Found existing channel (xmltv_id=RT) in the config file
Found existing channel (xmltv_id=RTД) in the config file
Found existing channel (xmltv_id=Discovery Channel HD) in the config file
Found existing channel (xmltv_id=Discovery Science HD) in the config file
Found existing channel (xmltv_id=OlympicChannel) in the config file
...............................


      i=index  .=same  c=change  g=gab  r=replace  n=new


Group (0) :
update requested for - 29 - out of - 29 - channels for 8 day(s)
(   1/29  ) MELITA.COM -- chan. (xmltv_id=TVM) -- mode Incremental

  !! -- WARNING : melita.com doesn't allow epg grabbing !!
it is advised to disable this channel / site from your channel list

i

  !! -- WARNING : melita.com doesn't allow epg grabbing !!
it is advised to disable this channel / site from your channel list

i

  !! -- WARNING : melita.com doesn't allow epg grabbing !!
it is advised to disable this channel / site from your channel list

i

  !! -- WARNING : melita.com doesn't allow epg grabbing !!
it is advised to disable this channel / site from your channel list

i

  !! -- WARNING : melita.com doesn't allow epg grabbing !!
it is advised to disable this channel / site from your channel list

i

  !! -- WARNING : melita.com doesn't allow epg grabbing !!
it is advised to disable this channel / site from your channel list

i

  !! -- WARNING : melita.com doesn't allow epg grabbing !!
it is advised to disable this channel / site from your channel list

iccccccccccccccccccccccccc.c.cc.cccccccccccccccccccccccccc.c.cc.cccccccccccccccccccccccccc.c.cc.cccccccccccccccccccccccccc.c.cc.cccccccccccccccccccccccccc.c.cc.cccccccccccccccccccccccccc.c.cc.nnnnnnnnnnnnnnnnnnnnnnnnnnnnnnnn

(   2/29  ) MELITA.COM -- chan. (xmltv_id=TVM2) -- mode Incremental

  !! -- WARNING : melita.com doesn't allow epg grabbing !!
it is advised to disable this channel / site from your channel list

i

  !! -- WARNING : melita.com doesn't allow epg grabbing !!
it is advised to disable this channel / site from your channel list

i

  !! -- WARNING : melita.com doesn't allow epg grabbing !!
it is advised to disable this channel / site from your channel list

i

  !! -- WARNING : melita.com doesn't allow epg grabbing !!
it is advised to disable this channel / site from your channel list

i

  !! -- WARNING : melita.com doesn't allow epg grabbing !!
it is advised to disable this channel / site from your channel list

i

  !! -- WARNING : melita.com doesn't allow epg grabbing !!
it is advised to disable this channel / site from your channel list

i

  !! -- WARNING : melita.com doesn't allow epg grabbing !!
it is advised to disable this channel / site from your channel list

i.....cc..ccccccccgccccccccccc.....cc..ccccccccgccccccccccc.....cc..ccccccccgccccccccccc.....cc..ccccccccgccccccccccc.....cc..ccccccccgccccccccccc.....cc..ccccccccgcccccccccccnnnnnnnnnnnnnnnnnnnnnnnnnnnn

(   3/29  ) MELITA.COM -- chan. (xmltv_id=NET TV) -- mode Incremental

  !! -- WARNING : melita.com doesn't allow epg grabbing !!
it is advised to disable this channel / site from your channel list

i

  !! -- WARNING : melita.com doesn't allow epg grabbing !!
it is advised to disable this channel / site from your channel list

i

  !! -- WARNING : melita.com doesn't allow epg grabbing !!
it is advised to disable this channel / site from your channel list

i

  !! -- WARNING : melita.com doesn't allow epg grabbing !!
it is advised to disable this channel / site from your channel list

i

  !! -- WARNING : melita.com doesn't allow epg grabbing !!
it is advised to disable this channel / site from your channel list

i

  !! -- WARNING : melita.com doesn't allow epg grabbing !!
it is advised to disable this channel / site from your channel list

i

  !! -- WARNING : melita.com doesn't allow epg grabbing !!
it is advised to disable this channel / site from your channel list

i...........cccccccc..............cccccccc..............cccccccc..............cccccccc..............cccccccc..............cccccccc..nnnnnnnnnnnnnnnnnnnnnn

(   4/29  ) TVIZ.TV -- chan. (xmltv_id=Первый) -- mode Incremental
iiiiiiii...................................................................................................................................................................nnnnnnnnnnnnnnnnnnnnnnnn

(   5/29  ) TVIZ.TV -- chan. (xmltv_id=Россия 1) -- mode Incremental
iiiiiiii..............................................................................................................................................nnnnnnnnnnnnnnnnnnnnnn

(   6/29  ) TVIZ.TV -- chan. (xmltv_id=Россия 24) -- mode Incremental
iiiiiiii..................................................................................................................................................................................................................................................................................................................................................................................................................................................................................................................nnnnnnnnnnnnnnnnnnnnnnnnnnnnnnnnnnnnnnnnnnnnnnnnnnnnnnnnnnnnnnnnnnnnnnnnnnnnnnnn

(   7/29  ) TVIZ.TV -- chan. (xmltv_id=НТВ) -- mode Incremental
iiiiiiii.........c
   epg correction : 
 CHANGED show corrected,
      show with ---- start = 13/04/2018 10:25:00 stop = 13/04/2018 13:00:00 title = Братаны
      Replaces ----- start = 13/04/2018 10:25:00 stop = 13/04/2018 11:16:00 title = Братаны-2
      Replaces ----- start = 13/04/2018 11:16:00 stop = 13/04/2018 12:08:00 title = Братаны-2
      Replaces ----- start = 13/04/2018 12:08:00 stop = 13/04/2018 13:00:00 title = Братаны-2
...c
   epg correction : 
 CHANGED show corrected,
      show with ---- start = 13/04/2018 16:00:00 stop = 13/04/2018 16:30:00 title = Сегодня
      Replaces ----- start = 13/04/2018 16:00:00 stop = 13/04/2018 16:15:00 title = Сегодня
      Replaces ----- start = 13/04/2018 16:15:00 stop = 13/04/2018 16:30:00 title = Сегодня
...c
   epg correction : 
 CHANGED show corrected,
      show with ---- start = 13/04/2018 19:00:00 stop = 13/04/2018 19:40:00 title = Сегодня
      Replaces ----- start = 13/04/2018 19:00:00 stop = 13/04/2018 19:20:00 title = Сегодня
      Replaces ----- start = 13/04/2018 19:20:00 stop = 13/04/2018 19:40:00 title = Сегодня
...............................................................c
   epg correction : 
 CHANGED show corrected,
      show with ---- start = 16/04/2018 13:25:00 stop = 16/04/2018 14:00:00 title = ЧП
      Replaces ----- start = 16/04/2018 13:25:00 stop = 16/04/2018 14:00:00 title = Обзор. Чрезвычайное происшествие
......................c
   epg correction : 
 CHANGED show corrected,
      show with ---- start = 17/04/2018 13:25:00 stop = 17/04/2018 14:00:00 title = ЧП
      Replaces ----- start = 17/04/2018 13:25:00 stop = 17/04/2018 14:00:00 title = Обзор. Чрезвычайное происшествие
.....................c
   epg correction : 
 CHANGED show corrected,
      show with ---- start = 18/04/2018 13:25:00 stop = 18/04/2018 14:00:00 title = ЧП
      Replaces ----- start = 18/04/2018 13:25:00 stop = 18/04/2018 14:00:00 title = Обзор. Чрезвычайное происшествие
.....................c
   epg correction : 
 CHANGED show corrected,
      show with ---- start = 19/04/2018 13:25:00 stop = 19/04/2018 14:00:00 title = ЧП
      Replaces ----- start = 19/04/2018 13:25:00 stop = 19/04/2018 14:00:00 title = Обзор. Чрезвычайное происшествие
..........nnnnnnnnnnnnnnnnnnnnnn

(   8/29  ) TVIZ.TV -- chan. (xmltv_id=ТНТ) -- mode Incremental
iiiiiiii.........................................................................................................................c
   epg correction : 
 CHANGED show corrected,
      show with ---- start = 17/04/2018 04:55:00 stop = 17/04/2018 06:00:00 title = Comedy Woman
      Replaces ----- start = 17/04/2018 04:55:00 stop = 17/04/2018 06:00:00 title = Comedy Woman (152-я серия)
.............................c
   epg correction : 
 CHANGED show corrected,
      show with ---- start = 18/04/2018 05:30:00 stop = 18/04/2018 06:00:00 title = Comedy Woman
      Replaces ----- start = 18/04/2018 05:30:00 stop = 18/04/2018 06:00:00 title = Comedy Woman (153-я серия)
..............................c
   epg correction : 
 CHANGED show corrected,
      show with ---- start = 19/04/2018 05:05:00 stop = 19/04/2018 06:00:00 title = Comedy Woman
      Replaces ----- start = 19/04/2018 05:05:00 stop = 19/04/2018 06:00:00 title = Comedy Woman (154-я серия)
..........................nnnnnnnnnnnnnnnnnnnnnnnnnnnnnnnn

(   9/29  ) TVIZ.TV -- chan. (xmltv_id=СТС) -- mode Incremental
iiiiiiii..........................................c
   epg correction : 
 CHANGED show corrected,
      show with ---- start = 15/04/2018 06:00:00 stop = 15/04/2018 06:20:00 title = Смех и горе у Бела моря
      Replaces ----- start = 15/04/2018 06:00:00 stop = 15/04/2018 06:45:00 title = Смешарики
c
   epg correction : 
 CHANGED show corrected,
      show with ---- start = 15/04/2018 06:20:00 stop = 15/04/2018 06:45:00 title = Смешарики
      Replaces ----- start = 15/04/2018 06:00:00 stop = 15/04/2018 06:45:00 title = Смешарики
.........................................................................................nnnnnnnnnnnnnnnnnnnn

(  10/29  ) TVIZ.TV -- chan. (xmltv_id=РЕН ТВ) -- mode Incremental
iiiiiiii........c
   epg correction : 
 CHANGED show corrected,
      show with ---- start = 13/04/2018 09:00:00 stop = 13/04/2018 11:00:00 title = Документальный проект
      Replaces ----- start = 13/04/2018 09:00:00 stop = 13/04/2018 10:00:00 title = Документальный проект
      Replaces ----- start = 13/04/2018 10:00:00 stop = 13/04/2018 12:00:00 title = Документальный проект
c
   epg correction : 
 CHANGED show corrected,
      show with ---- start = 13/04/2018 11:00:00 stop = 13/04/2018 12:00:00 title = Засекреченные списки
      Replaces ----- start = 13/04/2018 10:00:00 stop = 13/04/2018 12:00:00 title = Документальный проект
..c
   epg correction : 
 CHANGED show corrected,
      show with ---- start = 13/04/2018 13:00:00 stop = 13/04/2018 16:00:00 title = Засекреченные списки
      Replaces ----- start = 13/04/2018 13:00:00 stop = 13/04/2018 14:00:00 title = Загадки человечества с Олегом Шишкиным
      Replaces ----- start = 13/04/2018 14:00:00 stop = 13/04/2018 16:00:00 title = Засекреченные списки
..c
   epg correction : 
 CHANGED show corrected,
      show with ---- start = 13/04/2018 17:00:00 stop = 13/04/2018 19:00:00 title = Документальный проект
      Replaces ----- start = 13/04/2018 17:00:00 stop = 13/04/2018 18:00:00 title = Тайны Чапман
      Replaces ----- start = 13/04/2018 18:00:00 stop = 13/04/2018 19:00:00 title = Самые шокирующие гипотезы
..c
   epg correction : 
 CHANGED show corrected,
      show with ---- start = 13/04/2018 20:00:00 stop = 13/04/2018 22:00:00 title = Документальный проект
      Replaces ----- start = 13/04/2018 20:00:00 stop = 13/04/2018 21:00:00 title = Документальный проект
      Replaces ----- start = 13/04/2018 21:00:00 stop = 13/04/2018 23:00:00 title = Документальный проект
c
   epg correction : 
 CHANGED show corrected,
      show with ---- start = 13/04/2018 22:00:00 stop = 13/04/2018 23:50:00 title = Документальный проект
      Replaces ----- start = 13/04/2018 21:00:00 stop = 13/04/2018 23:00:00 title = Документальный проект
      Replaces ----- start = 13/04/2018 23:00:00 stop = 14/04/2018 00:30:00 title = Гравитация
c
   epg correction : 
 CHANGED show corrected,
      show with ---- start = 13/04/2018 23:50:00 stop = 14/04/2018 01:30:00 title = Гравитация
      Replaces ----- start = 13/04/2018 23:00:00 stop = 14/04/2018 00:30:00 title = Гравитация
      Replaces ----- start = 14/04/2018 00:30:00 stop = 14/04/2018 01:37:00 title = Спартак
c
   epg correction : 
 CHANGED show corrected,
      show with ---- start = 14/04/2018 01:30:00 stop = 14/04/2018 02:35:00 title = Спартак
      Replaces ----- start = 14/04/2018 00:30:00 stop = 14/04/2018 01:37:00 title = Спартак
      Replaces ----- start = 14/04/2018 01:37:00 stop = 14/04/2018 02:45:00 title = Спартак
c
   epg correction : 
 CHANGED show corrected,
      show with ---- start = 14/04/2018 02:35:00 stop = 14/04/2018 03:40:00 title = Спартак
      Replaces ----- start = 14/04/2018 01:37:00 stop = 14/04/2018 02:45:00 title = Спартак
      Replaces ----- start = 14/04/2018 02:45:00 stop = 14/04/2018 05:00:00 title = Контакт
c
   epg correction : 
 CHANGED show corrected,
      show with ---- start = 14/04/2018 03:40:00 stop = 14/04/2018 05:00:00 title = Контакт
      Replaces ----- start = 14/04/2018 02:45:00 stop = 14/04/2018 05:00:00 title = Контакт
c
   epg correction : 
 CHANGED show corrected,
      show with ---- start = 14/04/2018 05:00:00 stop = 14/04/2018 06:20:00 title = Контакт
      Replaces ----- start = 14/04/2018 05:00:00 stop = 14/04/2018 05:30:00 title = Контакт
      Replaces ----- start = 14/04/2018 05:30:00 stop = 14/04/2018 08:40:00 title = Территория заблуждений
c
   epg correction : 
 CHANGED show corrected,
      show with ---- start = 14/04/2018 06:20:00 stop = 14/04/2018 07:20:00 title = Самые шокирующие гипотезы
      Replaces ----- start = 14/04/2018 05:30:00 stop = 14/04/2018 08:40:00 title = Территория заблуждений
c
   epg correction : 
 CHANGED show corrected,
      show with ---- start = 14/04/2018 07:20:00 stop = 14/04/2018 08:40:00 title = Территория заблуждений
      Replaces ----- start = 14/04/2018 05:30:00 stop = 14/04/2018 08:40:00 title = Территория заблуждений
.............................................................................................................................nnnnnnnnnnnnnnnnnnnnnnn

(  11/29  ) TVIZ.TV -- chan. (xmltv_id=ТНТ4) -- mode Incremental
iiiiiiii...............................................................................................................................................................................r
   forced update : 
 show REPLACED (forced update / overlap or timeorder error in EPG
      show with ---- start = 18/04/2018 00:00:00 stop = 18/04/2018 00:50:00 title = Comedy club
      Replaces ----- start = 18/04/2018 00:00:00 stop = 18/04/2018 00:50:00 title = Comedy club (?)
r
   forced update : 
 show REPLACED (forced update / overlap or timeorder error in EPG
      show with ---- start = 18/04/2018 00:50:00 stop = 18/04/2018 01:00:00 title = Comedy club. Лучшее
      Replaces ----- start = 18/04/2018 00:50:00 stop = 18/04/2018 01:00:00 title = Comedy club. Лучшее (?)
r
   forced update : 
 show REPLACED (forced update / overlap or timeorder error in EPG
      show with ---- start = 18/04/2018 01:00:00 stop = 18/04/2018 02:00:00 title = Не спать!
      Replaces ----- start = 18/04/2018 01:00:00 stop = 18/04/2018 02:00:00 title = Не спать! (?)
...........................................................................nnnnnnnnnnnnnnnnnnnnnnnnnnnnnnnnnnnnnnnn

(  12/29  ) TVIZ.TV -- chan. (xmltv_id=Че) -- mode Incremental
iiiiiiii.......................................................................c
   epg correction : 
 CHANGED show corrected,
      show with ---- start = 18/04/2018 13:00:00 stop = 18/04/2018 18:00:00 title = Пасечник
      Replaces ----- start = 18/04/2018 13:00:00 stop = 18/04/2018 16:00:00 title = Пасечник
      Replaces ----- start = 18/04/2018 16:00:00 stop = 18/04/2018 18:10:00 title = С меня хватит!
c
   epg correction : 
 CHANGED show corrected,
      show with ---- start = 18/04/2018 18:00:00 stop = 18/04/2018 18:30:00 title = Дорожные войны
      Replaces ----- start = 18/04/2018 16:00:00 stop = 18/04/2018 18:10:00 title = С меня хватит!
      Replaces ----- start = 18/04/2018 18:10:00 stop = 18/04/2018 18:30:00 title = Дорожные войны
.................nnnnnnnnnnnnnn

(  13/29  ) TVIZ.TV -- chan. (xmltv_id=ТВ-3) -- mode Incremental
iiiiiiii..........................................................................................................................................................................nnnnnnnnnnnnnnnnnnnnnnnnnn

(  14/29  ) TVIZ.TV -- chan. (xmltv_id=ТВ Центр) -- mode Incremental
iiiiiiii...............................................................................................................................................................nnnnnnnnnnnnnnnnnnnn

(  15/29  ) TVIZ.TV -- chan. (xmltv_id=Домашний) -- mode Incremental
iiiiiiii..................................................................................................................................................c
   epg correction : 
 CHANGED show corrected,
      show with ---- start = 19/04/2018 11:55:00 stop = 19/04/2018 14:03:00 title = Понять. Простить
      Replaces ----- start = 19/04/2018 11:55:00 stop = 19/04/2018 13:05:00 title = Понять. Простить
      Replaces ----- start = 19/04/2018 13:05:00 stop = 19/04/2018 17:00:00 title = Саквояж со светлым будущим
c
   epg correction : 
 CHANGED show corrected,
      show with ---- start = 19/04/2018 14:03:00 stop = 19/04/2018 15:02:00 title = Саквояж со светлым будущим
      Replaces ----- start = 19/04/2018 13:05:00 stop = 19/04/2018 17:00:00 title = Саквояж со светлым будущим
c
   epg correction : 
 CHANGED show corrected,
      show with ---- start = 19/04/2018 15:02:00 stop = 19/04/2018 16:01:00 title = Саквояж со светлым будущим
      Replaces ----- start = 19/04/2018 13:05:00 stop = 19/04/2018 17:00:00 title = Саквояж со светлым будущим
c
   epg correction : 
 CHANGED show corrected,
      show with ---- start = 19/04/2018 16:01:00 stop = 19/04/2018 17:00:00 title = Саквояж со светлым будущим
      Replaces ----- start = 19/04/2018 13:05:00 stop = 19/04/2018 17:00:00 title = Саквояж со светлым будущим
..c
   epg correction : 
 CHANGED show corrected,
      show with ---- start = 19/04/2018 19:00:00 stop = 19/04/2018 20:00:00 title = Глухарь
      Replaces ----- start = 19/04/2018 19:00:00 stop = 19/04/2018 21:00:00 title = Глухарь
c
   epg correction : 
 CHANGED show corrected,
      show with ---- start = 19/04/2018 20:00:00 stop = 19/04/2018 21:00:00 title = Глухарь
      Replaces ----- start = 19/04/2018 19:00:00 stop = 19/04/2018 21:00:00 title = Глухарь
c
   epg correction : 
 CHANGED show corrected,
      show with ---- start = 19/04/2018 21:00:00 stop = 19/04/2018 21:57:00 title = Самара
      Replaces ----- start = 19/04/2018 21:00:00 stop = 19/04/2018 22:55:00 title = Самара
c
   epg correction : 
 CHANGED show corrected,
      show with ---- start = 19/04/2018 21:57:00 stop = 19/04/2018 22:55:00 title = Самара
      Replaces ----- start = 19/04/2018 21:00:00 stop = 19/04/2018 22:55:00 title = Самара
..nnnnnnnnnnnnnnnnnnnnnn

(  16/29  ) TVIZ.TV -- chan. (xmltv_id=Пятница) -- mode Incremental
iiiiiiii............................................................c
   epg correction : 
 CHANGED show corrected,
      show with ---- start = 15/04/2018 12:00:00 stop = 15/04/2018 13:00:00 title = Орёл и решка
      Replaces ----- start = 15/04/2018 12:00:00 stop = 15/04/2018 13:50:00 title = Орёл и решка
c
   epg correction : 
 CHANGED show corrected,
      show with ---- start = 15/04/2018 13:00:00 stop = 15/04/2018 13:50:00 title = Орёл и решка
      Replaces ----- start = 15/04/2018 12:00:00 stop = 15/04/2018 13:50:00 title = Орёл и решка
............................................................................................................nnnnnnnnnnnnnnn

(  17/29  ) TVIZ.TV -- chan. (xmltv_id=Ю) -- mode Incremental
iiiiiiii...................................................................................................................................................................................nnnnnnnnnnnnnnnnnnnnnnnnnnn

(  18/29  ) TVIZ.TV -- chan. (xmltv_id=Звезда) -- mode Incremental
iiiiiiii.......................................................c
   epg correction : 
 CHANGED show corrected,
      show with ---- start = 14/04/2018 11:01:00 stop = 14/04/2018 11:50:00 title = Загадки века с Сергеем Медведевым
      Replaces ----- start = 14/04/2018 11:01:00 stop = 14/04/2018 12:35:00 title = Загадки века с Сергеем Медведевым
c
   epg correction : 
 CHANGED show corrected,
      show with ---- start = 14/04/2018 11:50:00 stop = 14/04/2018 12:36:00 title = Улика из прошлого
      Replaces ----- start = 14/04/2018 11:01:00 stop = 14/04/2018 12:35:00 title = Загадки века с Сергеем Медведевым
      Replaces ----- start = 14/04/2018 12:35:00 stop = 14/04/2018 13:00:00 title = Специальный репортаж
c
   epg correction : 
 CHANGED show corrected,
      show with ---- start = 14/04/2018 12:36:00 stop = 14/04/2018 13:00:00 title = Теория заговора
      Replaces ----- start = 14/04/2018 12:35:00 stop = 14/04/2018 13:00:00 title = Специальный репортаж
...................................................................................c
   epg correction : 
 CHANGED show corrected,
      show with ---- start = 16/04/2018 07:38:00 stop = 16/04/2018 08:03:00 title = Сегодня утром
      Replaces ----- start = 16/04/2018 07:38:00 stop = 16/04/2018 08:00:00 title = Сегодня утром
      Replaces ----- start = 16/04/2018 08:00:00 stop = 16/04/2018 08:03:00 title = Новости дня
c
   epg correction : 
 CHANGED show corrected,
      show with ---- start = 16/04/2018 08:03:00 stop = 16/04/2018 09:00:00 title = По данным уголовного розыска
      Replaces ----- start = 16/04/2018 08:03:00 stop = 16/04/2018 09:00:00 title = Глухарь
.c
   epg correction : 
 CHANGED show corrected,
      show with ---- start = 16/04/2018 09:17:00 stop = 16/04/2018 09:50:00 title = По данным уголовного розыска. Продолжение
      Replaces ----- start = 16/04/2018 09:17:00 stop = 16/04/2018 10:00:00 title = Глухарь
c
   epg correction : 
 CHANGED show corrected,
      show with ---- start = 16/04/2018 09:50:00 stop = 16/04/2018 10:00:00 title = Экипаж машины боевой
      Replaces ----- start = 16/04/2018 09:17:00 stop = 16/04/2018 10:00:00 title = Глухарь
.c
   epg correction : 
 CHANGED show corrected,
      show with ---- start = 16/04/2018 10:03:00 stop = 16/04/2018 11:00:00 title = Экипаж машины боевой. Продолжение
      Replaces ----- start = 16/04/2018 10:03:00 stop = 16/04/2018 10:19:00 title = Глухарь
      Replaces ----- start = 16/04/2018 10:19:00 stop = 16/04/2018 11:00:00 title = Глухарь
.c
   epg correction : 
 CHANGED show corrected,
      show with ---- start = 16/04/2018 11:03:00 stop = 16/04/2018 11:15:00 title = Экипаж машины боевой. Продолжение
      Replaces ----- start = 16/04/2018 11:03:00 stop = 16/04/2018 11:23:00 title = Глухарь
c
   epg correction : 
 CHANGED show corrected,
      show with ---- start = 16/04/2018 11:15:00 stop = 16/04/2018 11:37:00 title = Государственная граница. Фильм 1. Мы наш, мы новый...
      Replaces ----- start = 16/04/2018 11:03:00 stop = 16/04/2018 11:23:00 title = Глухарь
      Replaces ----- start = 16/04/2018 11:23:00 stop = 16/04/2018 12:00:00 title = Глухарь
c
   epg correction : 
 CHANGED show corrected,
      show with ---- start = 16/04/2018 11:37:00 stop = 16/04/2018 12:00:00 title = Государственная граница. Фильм 2. Мирное лето 21-го года
      Replaces ----- start = 16/04/2018 11:23:00 stop = 16/04/2018 12:00:00 title = Глухарь
.c
   epg correction : 
 CHANGED show corrected,
      show with ---- start = 16/04/2018 12:03:00 stop = 16/04/2018 12:31:00 title = Государственная граница. Фильм 1. Мы наш, мы новый...
      Replaces ----- start = 16/04/2018 12:03:00 stop = 16/04/2018 12:23:00 title = Глухарь
      Replaces ----- start = 16/04/2018 12:23:00 stop = 16/04/2018 13:00:00 title = Глухарь
c
   epg correction : 
 CHANGED show corrected,
      show with ---- start = 16/04/2018 12:31:00 stop = 16/04/2018 13:00:00 title = Государственная граница. Фильм 2. Мирное лето 21-го года
      Replaces ----- start = 16/04/2018 12:23:00 stop = 16/04/2018 13:00:00 title = Глухарь
.c
   epg correction : 
 CHANGED show corrected,
      show with ---- start = 16/04/2018 13:16:00 stop = 16/04/2018 13:38:00 title = Государственная граница. Фильм 1. Мы наш, мы новый...
      Replaces ----- start = 16/04/2018 13:16:00 stop = 16/04/2018 13:40:00 title = Глухарь
c
   epg correction : 
 CHANGED show corrected,
      show with ---- start = 16/04/2018 13:38:00 stop = 16/04/2018 14:00:00 title = Государственная граница. Фильм 2. Мирное лето 21-го года
      Replaces ----- start = 16/04/2018 13:16:00 stop = 16/04/2018 13:40:00 title = Глухарь
      Replaces ----- start = 16/04/2018 13:40:00 stop = 16/04/2018 14:00:00 title = Глухарь
.c
   epg correction : 
 CHANGED show corrected,
      show with ---- start = 16/04/2018 14:03:00 stop = 16/04/2018 14:31:00 title = Государственная граница. Фильм 1. Мы наш, мы новый...
      Replaces ----- start = 16/04/2018 14:03:00 stop = 16/04/2018 14:44:00 title = Глухарь
c
   epg correction : 
 CHANGED show corrected,
      show with ---- start = 16/04/2018 14:31:00 stop = 16/04/2018 15:00:00 title = Государственная граница. Фильм 2. Мирное лето 21-го года
      Replaces ----- start = 16/04/2018 14:03:00 stop = 16/04/2018 14:44:00 title = Глухарь
      Replaces ----- start = 16/04/2018 14:44:00 stop = 16/04/2018 15:00:00 title = Глухарь
.c
   epg correction : 
 CHANGED show corrected,
      show with ---- start = 16/04/2018 15:03:00 stop = 16/04/2018 15:31:00 title = Государственная граница. Фильм 1. Мы наш, мы новый...
      Replaces ----- start = 16/04/2018 15:03:00 stop = 16/04/2018 15:50:00 title = Глухарь
c
   epg correction : 
 CHANGED show corrected,
      show with ---- start = 16/04/2018 15:31:00 stop = 16/04/2018 16:00:00 title = Государственная граница. Фильм 2. Мирное лето 21-го года
      Replaces ----- start = 16/04/2018 15:03:00 stop = 16/04/2018 15:50:00 title = Глухарь
      Replaces ----- start = 16/04/2018 15:50:00 stop = 16/04/2018 16:00:00 title = Глухарь
.c
   epg correction : 
 CHANGED show corrected,
      show with ---- start = 16/04/2018 16:03:00 stop = 16/04/2018 16:31:00 title = Государственная граница. Фильм 1. Мы наш, мы новый...
      Replaces ----- start = 16/04/2018 16:03:00 stop = 16/04/2018 16:52:00 title = Глухарь
c
   epg correction : 
 CHANGED show corrected,
      show with ---- start = 16/04/2018 16:31:00 stop = 16/04/2018 17:00:00 title = Государственная граница. Фильм 2. Мирное лето 21-го года
      Replaces ----- start = 16/04/2018 16:03:00 stop = 16/04/2018 16:52:00 title = Глухарь
      Replaces ----- start = 16/04/2018 16:52:00 stop = 16/04/2018 17:00:00 title = Война машин
.c
   epg correction : 
 CHANGED show corrected,
      show with ---- start = 16/04/2018 17:03:00 stop = 16/04/2018 17:14:00 title = Государственная граница. Фильм 1. Мы наш, мы новый...
      Replaces ----- start = 16/04/2018 17:03:00 stop = 16/04/2018 17:27:00 title = Война машин
c
   epg correction : 
 CHANGED show corrected,
      show with ---- start = 16/04/2018 17:14:00 stop = 16/04/2018 17:25:00 title = Государственная граница. Фильм 2. Мирное лето 21-го года
      Replaces ----- start = 16/04/2018 17:03:00 stop = 16/04/2018 17:27:00 title = Война машин
c
   epg correction : 
 CHANGED show corrected,
      show with ---- start = 16/04/2018 17:25:00 stop = 16/04/2018 18:00:00 title = Война машин
      Replaces ----- start = 16/04/2018 17:03:00 stop = 16/04/2018 17:27:00 title = Война машин
      Replaces ----- start = 16/04/2018 17:27:00 stop = 16/04/2018 18:00:00 title = Не ФАКТ!
........................................................................................................................................................................nnnnnnnnnnnnnnnnnnnnnnnnnnnnnnnnnnnnnnnnnnn

(  19/29  ) TVIZ.TV -- chan. (xmltv_id=EuroNews) -- mode Incremental
iiiiiiii....................................................................................................................................................................................................................................................................................................................................................................................nnnnnnnnnnnnnnnnnnnnnnnnnnnnnn
error downloading page: The request timed out (5sec)
Retry 1 of 4 times
error downloading page: The request timed out (10sec)
Retry 2 of 4 times
error downloading page: The request timed out (15sec)
Retry 3 of 4 times
error downloading page: The request timed out (20sec)
Retry 4 of 4 times
n
error downloading page: The request timed out (5sec)
Retry 1 of 4 times
error downloading page: The request timed out (10sec)
Retry 2 of 4 times
error downloading page: Error: ConnectFailure (No route to host)
pausing 3 of 4 times for 15 seconds before re-try.
error downloading page: Error: ConnectFailure (No route to host)
pausing 4 of 4 times for 20 seconds before re-try.
n
error downloading page: The request timed out (5sec)
Retry 1 of 4 times
error downloading page: The request timed out (10sec)
Retry 2 of 4 times
error downloading page: The request timed out (15sec)
Retry 3 of 4 times
error downloading page: The request timed out (20sec)
Retry 4 of 4 times
n
error downloading page: The request timed out (5sec)
Retry 1 of 4 times
error downloading page: The request timed out (10sec)
Retry 2 of 4 times
nnn
error downloading page: The request timed out (5sec)
Retry 1 of 4 times
nnnn
error downloading page: The request timed out (5sec)
Retry 1 of 4 times
nnnnnnnnnnnnnnnn

(  20/29  ) TVIZ.TV -- chan. (xmltv_id=МИР) -- mode Incremental
iiiiiiii.....................................................................................c
   epg correction : 
 CHANGED show corrected,
      show with ---- start = 15/04/2018 19:45:00 stop = 15/04/2018 20:36:00 title = Тульский. Токарев
      Replaces ----- start = 15/04/2018 19:45:00 stop = 15/04/2018 20:07:00 title = Тульский. Токарев
      Replaces ----- start = 15/04/2018 20:07:00 stop = 15/04/2018 20:30:00 title = Тульский. Токарев
      Replaces ----- start = 15/04/2018 20:30:00 stop = 15/04/2018 20:52:00 title = Тульский. Токарев
c
   epg correction : 
 CHANGED show corrected,
      show with ---- start = 15/04/2018 20:36:00 stop = 15/04/2018 21:27:00 title = Тульский. Токарев
      Replaces ----- start = 15/04/2018 20:30:00 stop = 15/04/2018 20:52:00 title = Тульский. Токарев
      Replaces ----- start = 15/04/2018 20:52:00 stop = 15/04/2018 21:15:00 title = Тульский. Токарев
      Replaces ----- start = 15/04/2018 21:15:00 stop = 16/04/2018 02:00:00 title = Жестокий романс
c
   epg correction : 
 CHANGED show corrected,
      show with ---- start = 15/04/2018 21:27:00 stop = 15/04/2018 22:18:00 title = Тульский. Токарев
      Replaces ----- start = 15/04/2018 21:15:00 stop = 16/04/2018 02:00:00 title = Жестокий романс
c
   epg correction : 
 CHANGED show corrected,
      show with ---- start = 15/04/2018 22:18:00 stop = 15/04/2018 23:10:00 title = Тульский. Токарев
      Replaces ----- start = 15/04/2018 21:15:00 stop = 16/04/2018 02:00:00 title = Жестокий романс
c
   epg correction : 
 CHANGED show corrected,
      show with ---- start = 15/04/2018 23:10:00 stop = 16/04/2018 01:55:00 title = Жестокий романс
      Replaces ----- start = 15/04/2018 21:15:00 stop = 16/04/2018 02:00:00 title = Жестокий романс
c
   epg correction : 
 CHANGED show corrected,
      show with ---- start = 16/04/2018 01:55:00 stop = 16/04/2018 02:48:00 title = Три полуграции
      Replaces ----- start = 15/04/2018 21:15:00 stop = 16/04/2018 02:00:00 title = Жестокий романс
      Replaces ----- start = 16/04/2018 02:00:00 stop = 16/04/2018 02:53:00 title = Три полуграции
c
   epg correction : 
 CHANGED show corrected,
      show with ---- start = 16/04/2018 02:48:00 stop = 16/04/2018 03:42:00 title = Три полуграции
      Replaces ----- start = 16/04/2018 02:00:00 stop = 16/04/2018 02:53:00 title = Три полуграции
      Replaces ----- start = 16/04/2018 02:53:00 stop = 16/04/2018 03:47:00 title = Три полуграции
c
   epg correction : 
 CHANGED show corrected,
      show with ---- start = 16/04/2018 03:42:00 stop = 16/04/2018 04:36:00 title = Три полуграции
      Replaces ----- start = 16/04/2018 02:53:00 stop = 16/04/2018 03:47:00 title = Три полуграции
      Replaces ----- start = 16/04/2018 03:47:00 stop = 16/04/2018 04:41:00 title = Три полуграции
c
   epg correction : 
 CHANGED show corrected,
      show with ---- start = 16/04/2018 04:36:00 stop = 16/04/2018 05:30:00 title = Три полуграции
      Replaces ----- start = 16/04/2018 03:47:00 stop = 16/04/2018 04:41:00 title = Три полуграции
      Replaces ----- start = 16/04/2018 04:41:00 stop = 16/04/2018 05:35:00 title = Три полуграции
c
   epg correction : 
 CHANGED show corrected,
      show with ---- start = 16/04/2018 05:30:00 stop = 16/04/2018 05:35:00 title = Любимые актёры 2.0
      Replaces ----- start = 16/04/2018 04:41:00 stop = 16/04/2018 05:35:00 title = Три полуграции
............................c
   epg correction : 
 CHANGED show corrected,
      show with ---- start = 17/04/2018 00:10:00 stop = 17/04/2018 01:05:00 title = Игра в кино
      Replaces ----- start = 17/04/2018 00:10:00 stop = 17/04/2018 01:40:00 title = Моя любовь
c
   epg correction : 
 CHANGED show corrected,
      show with ---- start = 17/04/2018 01:05:00 stop = 17/04/2018 02:35:00 title = Моя любовь
      Replaces ----- start = 17/04/2018 00:10:00 stop = 17/04/2018 01:40:00 title = Моя любовь
      Replaces ----- start = 17/04/2018 01:40:00 stop = 17/04/2018 02:10:00 title = Другой мир
      Replaces ----- start = 17/04/2018 02:10:00 stop = 17/04/2018 04:05:00 title = Возвращение Мухтара
c
   epg correction : 
 CHANGED show corrected,
      show with ---- start = 17/04/2018 02:35:00 stop = 17/04/2018 03:05:00 title = Другой мир
      Replaces ----- start = 17/04/2018 02:10:00 stop = 17/04/2018 04:05:00 title = Возвращение Мухтара
c
   epg correction : 
 CHANGED show corrected,
      show with ---- start = 17/04/2018 03:05:00 stop = 17/04/2018 05:00:00 title = Возвращение Мухтара
      Replaces ----- start = 17/04/2018 02:10:00 stop = 17/04/2018 04:05:00 title = Возвращение Мухтара
      Replaces ----- start = 17/04/2018 04:05:00 stop = 17/04/2018 05:00:00 title = Дела семейные. Битва за будущее
c
   epg correction : 
 CHANGED show corrected,
      show with ---- start = 17/04/2018 05:00:00 stop = 17/04/2018 06:00:00 title = Дела семейные. Битва за будущее
      Replaces ----- start = 17/04/2018 05:00:00 stop = 17/04/2018 06:00:00 title = ОСА
........................c
   epg correction : 
 CHANGED show corrected,
      show with ---- start = 18/04/2018 00:10:00 stop = 18/04/2018 01:05:00 title = Игра в кино
      Replaces ----- start = 18/04/2018 00:10:00 stop = 18/04/2018 00:25:00 title = Лекции для домохозяек. Продолжение
      Replaces ----- start = 18/04/2018 00:25:00 stop = 18/04/2018 02:10:00 title = Арфа для любимой
c
   epg correction : 
 CHANGED show corrected,
      show with ---- start = 18/04/2018 01:05:00 stop = 18/04/2018 02:45:00 title = Арфа для любимой
      Replaces ----- start = 18/04/2018 00:25:00 stop = 18/04/2018 02:10:00 title = Арфа для любимой
      Replaces ----- start = 18/04/2018 02:10:00 stop = 18/04/2018 02:40:00 title = Другой мир
      Replaces ----- start = 18/04/2018 02:40:00 stop = 18/04/2018 04:35:00 title = Возвращение Мухтара
c
   epg correction : 
 CHANGED show corrected,
      show with ---- start = 18/04/2018 02:45:00 stop = 18/04/2018 03:15:00 title = Другой мир
      Replaces ----- start = 18/04/2018 02:40:00 stop = 18/04/2018 04:35:00 title = Возвращение Мухтара
c
   epg correction : 
 CHANGED show corrected,
      show with ---- start = 18/04/2018 03:15:00 stop = 18/04/2018 05:05:00 title = Возвращение Мухтара
      Replaces ----- start = 18/04/2018 02:40:00 stop = 18/04/2018 04:35:00 title = Возвращение Мухтара
      Replaces ----- start = 18/04/2018 04:35:00 stop = 18/04/2018 05:35:00 title = Дела семейные. Битва за будущее
c
   epg correction : 
 CHANGED show corrected,
      show with ---- start = 18/04/2018 05:05:00 stop = 18/04/2018 06:00:00 title = Дела семейные. Битва за будущее
      Replaces ----- start = 18/04/2018 04:35:00 stop = 18/04/2018 05:35:00 title = Дела семейные. Битва за будущее
      Replaces ----- start = 18/04/2018 05:35:00 stop = 18/04/2018 06:00:00 title = ОСА
...............c
   epg correction : 
 CHANGED show corrected,
      show with ---- start = 18/04/2018 19:00:00 stop = 18/04/2018 19:25:00 title = Новости
      Replaces ----- start = 18/04/2018 19:00:00 stop = 18/04/2018 19:20:00 title = Новости
      Replaces ----- start = 18/04/2018 19:20:00 stop = 18/04/2018 20:16:00 title = Пятницкий
c
   epg correction : 
 CHANGED show corrected,
      show with ---- start = 18/04/2018 19:25:00 stop = 18/04/2018 22:10:00 title = Пятницкий
      Replaces ----- start = 18/04/2018 19:20:00 stop = 18/04/2018 20:16:00 title = Пятницкий
      Replaces ----- start = 18/04/2018 20:16:00 stop = 18/04/2018 21:13:00 title = Пятницкий
      Replaces ----- start = 18/04/2018 21:13:00 stop = 18/04/2018 22:10:00 title = Пятницкий
..c
   epg correction : 
 CHANGED show corrected,
      show with ---- start = 19/04/2018 00:10:00 stop = 19/04/2018 01:05:00 title = Игра в кино
      Replaces ----- start = 19/04/2018 00:10:00 stop = 19/04/2018 02:15:00 title = Лекции для домохозяек
c
   epg correction : 
 CHANGED show corrected,
      show with ---- start = 19/04/2018 01:05:00 stop = 19/04/2018 03:10:00 title = Лекции для домохозяек
      Replaces ----- start = 19/04/2018 00:10:00 stop = 19/04/2018 02:15:00 title = Лекции для домохозяек
      Replaces ----- start = 19/04/2018 02:15:00 stop = 19/04/2018 02:45:00 title = Другой мир
      Replaces ----- start = 19/04/2018 02:45:00 stop = 19/04/2018 04:35:00 title = Возвращение Мухтара
c
   epg correction : 
 CHANGED show corrected,
      show with ---- start = 19/04/2018 03:10:00 stop = 19/04/2018 03:45:00 title = Другой мир
      Replaces ----- start = 19/04/2018 02:45:00 stop = 19/04/2018 04:35:00 title = Возвращение Мухтара
c
   epg correction : 
 CHANGED show corrected,
      show with ---- start = 19/04/2018 03:45:00 stop = 19/04/2018 05:35:00 title = Возвращение Мухтара
      Replaces ----- start = 19/04/2018 02:45:00 stop = 19/04/2018 04:35:00 title = Возвращение Мухтара
      Replaces ----- start = 19/04/2018 04:35:00 stop = 19/04/2018 05:35:00 title = Дела семейные. Битва за будущее
c
   epg correction : 
 CHANGED show corrected,
      show with ---- start = 19/04/2018 05:35:00 stop = 19/04/2018 06:00:00 title = Дела семейные. Битва за будущее
      Replaces ----- start = 19/04/2018 05:35:00 stop = 19/04/2018 06:00:00 title = ОСА
c
   epg correction : 
 CHANGED show corrected,
      show with ---- start = 19/04/2018 06:00:00 stop = 19/04/2018 06:30:00 title = Дела семейные. Битва за будущее
      Replaces ----- start = 19/04/2018 06:00:00 stop = 19/04/2018 08:00:00 title = ОСА
c
   epg correction : 
 CHANGED show corrected,
      show with ---- start = 19/04/2018 06:30:00 stop = 19/04/2018 08:00:00 title = ОСА
      Replaces ----- start = 19/04/2018 06:00:00 stop = 19/04/2018 08:00:00 title = ОСА
.............c
   epg correction : 
 CHANGED show corrected,
      show with ---- start = 19/04/2018 17:10:00 stop = 19/04/2018 19:15:00 title = Возвращение Мухтара
      Replaces ----- start = 19/04/2018 17:10:00 stop = 19/04/2018 19:00:00 title = Возвращение Мухтара
      Replaces ----- start = 19/04/2018 19:00:00 stop = 19/04/2018 19:20:00 title = Новости
c
   epg correction : 
 CHANGED show corrected,
      show with ---- start = 19/04/2018 19:15:00 stop = 19/04/2018 20:13:00 title = Пятницкий
      Replaces ----- start = 19/04/2018 19:00:00 stop = 19/04/2018 19:20:00 title = Новости
      Replaces ----- start = 19/04/2018 19:20:00 stop = 19/04/2018 20:16:00 title = Пятницкий
c
   epg correction : 
 CHANGED show corrected,
      show with ---- start = 19/04/2018 20:13:00 stop = 19/04/2018 21:11:00 title = Пятницкий
      Replaces ----- start = 19/04/2018 19:20:00 stop = 19/04/2018 20:16:00 title = Пятницкий
      Replaces ----- start = 19/04/2018 20:16:00 stop = 19/04/2018 21:13:00 title = Пятницкий
c
   epg correction : 
 CHANGED show corrected,
      show with ---- start = 19/04/2018 21:11:00 stop = 19/04/2018 22:10:00 title = Пятницкий
      Replaces ----- start = 19/04/2018 20:16:00 stop = 19/04/2018 21:13:00 title = Пятницкий
      Replaces ----- start = 19/04/2018 21:13:00 stop = 19/04/2018 22:10:00 title = Пятницкий
.nnnnnnnnnnnnnnnnnnnnnnnnnnn

(  21/29  ) TVIZ.TV -- chan. (xmltv_id=РБК) -- mode Incremental
iiiiiiii.....................................................................................................................................................................................................................................................................................................................................nnnnnnnnnnnnnnnnnnnnnnnnnnnnnnnnnnnnnnnnnnnnnnnnnnn

(  22/29  ) TVIZ.TV -- chan. (xmltv_id=Fashion TV) -- mode Incremental
iiiiiiii........................................................................................................................................................................................................................................................................................................................................................................................................................................................................................................................................................................................................................................nnnnnnnnnnnnnnnnnnnnnnnnnnnnnnnnnnnnnnnnnnnnnnnnnnnnnnnnnnnnnnnnnnnnnnnnnnnnnnnnnnnnnnnn

(  23/29  ) TVIZ.TV -- chan. (xmltv_id=Ru.TV) -- mode Incremental
iiiiiiii................................................................................................................................................nnnnnnnnnnnnnnnnnnn

(  24/29  ) TVIZ.TV -- chan. (xmltv_id=1HD) -- mode Incremental
iiiiiiii...............................................................................................................................................

(  25/29  ) TVIZ.TV -- chan. (xmltv_id=RT) -- mode Incremental
iiiiiiii................................................................................................................................................................................................................................................................................................................................................nnnnnnnnnnnnnnnnnnnnnnnnnnnnnnnnnnnnnnnnnnnnnnnn

(  26/29  ) TVIZ.TV -- chan. (xmltv_id=RTД) -- mode Incremental
iiiiiiii...................................................................................................................................................nnnnnnnnnnnnnnnnnnnnnnnnnnnnnnnnnnnnnnnnnnnnnnnnnnnnnnnn
error downloading page: The request timed out (5sec)
Retry 1 of 4 times
nnnnnnnnnnnnnnnnnnnnnnnnnnnnnnnnnnnnnnnnnnnnnnnnnnnnnnnnnnnnnnnnnnnnnnnnnnnnnnnnnnnnnnnnnnnnnnnnnnnnnnnnnnnnnnnnnnnnnnnnnnnnnnnnnnnnnnnnnnnnnnnnnnnnnnnnnnnnnnnnnnnnnnnnnnnnnnnnnnnnnnnnnnnnnnnnnnnnnn

(  27/29  ) TVIZ.TV -- chan. (xmltv_id=Discovery Channel HD) -- mode Incremental
iiiiiiii..................................................................................................................................................................................................................................................nnnnnnnnnnnnnnnnnnnnnnnnnnnnnnnnnnn

(  28/29  ) TVIZ.TV -- chan. (xmltv_id=Discovery Science HD) -- mode Incremental
iiiiiiii......................................................................................................................................................................................................................................................................nnnnnnnnnnnnnnnnnnnnnnnnnnnnnnnnnnnnnnn

(  29/29  ) BEIN.NET -- chan. (xmltv_id=OlympicChannel) -- mode Incremental
iiiiiii.c
   epg correction : 
 CHANGED show corrected,
      show with ---- start = 13/04/2018 01:00:00 stop = 13/04/2018 01:31:00 title = Olympics Today
      Replaces ----- start = 13/04/2018 01:00:00 stop = 13/04/2018 01:30:00 title = Olympics Today
      Replaces ----- start = 13/04/2018 01:30:00 stop = 13/04/2018 02:30:00 title = The Olympic Series
c
   epg correction : 
 CHANGED show corrected,
      show with ---- start = 13/04/2018 01:31:00 stop = 13/04/2018 02:30:00 title = The Olympic Series
      Replaces ----- start = 13/04/2018 01:30:00 stop = 13/04/2018 02:30:00 title = The Olympic Series
.........c
   epg correction : 
 CHANGED show corrected,
      show with ---- start = 13/04/2018 14:00:00 stop = 13/04/2018 15:33:00 title = Slovenia vs Czech Republic
      Replaces ----- start = 13/04/2018 14:00:00 stop = 13/04/2018 16:00:00 title = Slovenia vs Czech Republic
c
   epg correction : 
 CHANGED show corrected,
      show with ---- start = 13/04/2018 15:33:00 stop = 13/04/2018 16:00:00 title = The Games through a Lens part 2
      Replaces ----- start = 13/04/2018 14:00:00 stop = 13/04/2018 16:00:00 title = Slovenia vs Czech Republic
c
   epg correction : 
 CHANGED show corrected,
      show with ---- start = 13/04/2018 16:00:00 stop = 13/04/2018 16:40:00 title = Olympics Today
      Replaces ----- start = 13/04/2018 16:00:00 stop = 13/04/2018 16:45:00 title = Olympics Today
c
   epg correction : 
 CHANGED show corrected,
      show with ---- start = 13/04/2018 16:40:00 stop = 13/04/2018 18:45:00 title = Korea Republic vs Vietnam
      Replaces ----- start = 13/04/2018 16:00:00 stop = 13/04/2018 16:45:00 title = Olympics Today
      Replaces ----- start = 13/04/2018 16:45:00 stop = 13/04/2018 18:45:00 title = Korea Republic vs Vietnam
.c
   epg correction : 
 CHANGED show corrected,
      show with ---- start = 13/04/2018 19:15:00 stop = 13/04/2018 20:50:00 title = Khimki Moscow vs CSKA Moscow EuroLeague Basketball 2017/2018
      Replaces ----- start = 13/04/2018 19:15:00 stop = 13/04/2018 20:45:00 title = Khimki Moscow vs CSKA Moscow EuroLeague Basketball 2017/2018
      Replaces ----- start = 13/04/2018 20:45:00 stop = 13/04/2018 21:15:00 title = Athens the Original Games
c
   epg correction : 
 CHANGED show corrected,
      show with ---- start = 13/04/2018 20:50:00 stop = 13/04/2018 21:30:00 title = Athens the Original Games
      Replaces ----- start = 13/04/2018 20:45:00 stop = 13/04/2018 21:15:00 title = Athens the Original Games
      Replaces ----- start = 13/04/2018 21:15:00 stop = 13/04/2018 23:00:00 title = Germany vs Spain
c
   epg correction : 
 CHANGED show corrected,
      show with ---- start = 13/04/2018 21:30:00 stop = 13/04/2018 23:00:00 title = Germany vs Spain
      Replaces ----- start = 13/04/2018 21:15:00 stop = 13/04/2018 23:00:00 title = Germany vs Spain
.......c
   epg correction : 
 CHANGED show corrected,
      show with ---- start = 15/04/2018 17:00:00 stop = 16/04/2018 08:30:00 title = Olympics Today
      Replaces ----- start = 15/04/2018 17:00:00 stop = 15/04/2018 23:59:00 title = Olympics Today
nn

   Summary for update of       OlympicChannel
     missing shows added       0
     changed shows updated     10
     new shows added           2
     unchanged shows inspected 18
     total after update        27



Job finished at 13/04/2018 03:20:07 done in 19m 57s
